<?xml version="1.0" encoding="UTF-8"?>
<!-- Generated by org.testng.reporters.JUnitXMLReporter -->
<testsuite ignored="0" hostname="HMS-LP-N-139" failures="1" tests="11" name="Test" time="126.749" errors="0" timestamp="2025-08-04T15:32:06 IST">
  <testcase classname="testCases.TC_002_LoginTest" name="verify_login" time="7.372"/>
  <testcase classname="testCases.TC_005_RemoveItemsTest" name="login" time="4.08">
    <skipped/>
  </testcase> <!-- login -->
  <testcase classname="testCases.TC_005_RemoveItemsTest" name="login" time="10.174">
    <failure type="java.lang.AssertionError" message="null">
      <![CDATA[java.lang.AssertionError: null
at testCases.TC_005_RemoveItemsTest.login(TC_005_RemoveItemsTest.java:41)
at java.base/java.util.ArrayList.forEach(ArrayList.java:1597)
... Removed 27 stack frames]]>
    </failure>
  </testcase> <!-- login -->
  <testcase classname="testCases.TC_006_verifyAppleCinemaFeatureTest" name="getAppleCinemaFeature" time="2.308"/>
  <testcase classname="testCases.TC_001_AccountRegistrationTest" name="verify_account_registration" time="4.65"/>
  <testcase classname="testCases.TC_004_AddToCartTest" name="login" time="3.9"/>
  <testcase classname="testCases.TC_003_LoginDataDrivenTest" name="verify_loginDDT" time="14.362"/>
  <testcase classname="testCases.TC_003_LoginDataDrivenTest" name="verify_loginDDT" time="5.924"/>
  <testcase classname="testCases.TC_003_LoginDataDrivenTest" name="verify_loginDDT" time="5.639"/>
  <testcase classname="testCases.TC_003_LoginDataDrivenTest" name="verify_loginDDT" time="14.429"/>
  <testcase classname="testCases.TC_003_LoginDataDrivenTest" name="verify_loginDDT" time="5.547"/>
</testsuite> <!-- Test -->
